10.7371	WARNING	Creating new monitor...
10.7371	INFO	Loaded calibration from:2014_04_30 14:05
10.7372	INFO	['2014_04_30 14:05']
10.9358	INFO	configured pyglet screen 0
10.9359	WARNING	User requested fullscreen with size [800 600], but screen is actually [1280, 800]. Using actual size
11.0411	INFO	Using gamma table of operating system
11.1330	EXP	Set Window color=[ 0.  0.  0.] (rgb)
11.6380	EXP	Set  height=0.10
11.6380	EXP	Set  text=None
26.2282	DATA	Keypress: s
26.2288	DATA	Key pressed: s
26.2365	EXP	Set  text=
26.2532	EXP	Set  height=0.80
27.2675	EXP	Set  text=
28.2375	DATA	Keypress: j
28.6040	DATA	Keypress: j
28.6045	DATA	RESPONSE: j (0.355999)
29.2628	EXP	Set  text=
31.6680	DATA	Keypress: j
31.6682	DATA	RESPONSE: j (0.426844)
32.2556	EXP	Set  text=
38.6758	DATA	Keypress: f
38.6764	DATA	RESPONSE: f (0.435027)
39.2554	EXP	Set  text=
40.5191	EXP	Set  text=X
40.5191	EXP	Set  height=0.40
40.5191	EXP	Set  text=None
41.2674	EXP	Set  text=
42.5642	EXP	Set  text=X
42.5642	EXP	Set  height=0.40
42.5642	EXP	Set  text=None
43.2627	EXP	Set  text=
44.6093	EXP	Set  text=X
44.6093	EXP	Set  height=0.40
44.6093	EXP	Set  text=None
45.2578	EXP	Set  text=
47.7557	DATA	Keypress: f
47.7562	DATA	RESPONSE: f (0.503100)
48.2674	EXP	Set  text=
49.6193	DATA	Keypress: j
49.6197	DATA	RESPONSE: j (0.371273)
50.2626	EXP	Set  text=
51.6113	DATA	Keypress: f
51.6117	DATA	RESPONSE: f (0.368096)
52.2577	EXP	Set  text=
60.7310	DATA	Keypress: f
60.7316	DATA	RESPONSE: f (0.476189)
61.2696	EXP	Set  text=
62.6589	DATA	Keypress: j
62.6593	DATA	RESPONSE: j (0.408688)
63.2648	EXP	Set  text=
65.7548	DATA	Keypress: j
65.7552	DATA	RESPONSE: j (0.511686)
66.2577	EXP	Set  text=
67.6428	DATA	Keypress: f
67.6431	DATA	RESPONSE: f (0.387768)
68.2695	EXP	Set  text=
69.6427	DATA	Keypress: f
69.6431	DATA	RESPONSE: f (0.392596)
70.2647	EXP	Set  text=
72.6666	DATA	Keypress: f
72.6670	DATA	RESPONSE: f (0.423599)
73.2576	EXP	Set  text=
74.6265	DATA	Keypress: j
74.6269	DATA	RESPONSE: j (0.371630)
75.2695	EXP	Set  text=
77.6185	DATA	Keypress: j
77.6188	DATA	RESPONSE: j (0.370707)
78.2622	EXP	Set  text=
82.6343	DATA	Keypress: j
82.6347	DATA	RESPONSE: j (0.381885)
82.6682	EXP	Set  text=X
82.6682	EXP	Set  height=0.40
82.6682	EXP	Set  text=None
83.2669	EXP	Set  text=
84.6138	EXP	Set  text=X
84.6138	EXP	Set  height=0.40
84.6138	EXP	Set  text=None
85.2623	EXP	Set  text=
87.8581	DATA	Keypress: f
87.8585	DATA	RESPONSE: f (0.617632)
88.2551	EXP	Set  text=
89.6684	EXP	Set  text=X
89.6684	EXP	Set  height=0.40
89.6684	EXP	Set  text=None
89.6821	DATA	Keypress: j
89.6823	DATA	RESPONSE: j (0.429541)
90.2670	EXP	Set  text=
93.1460	DATA	Keypress: j
93.1463	DATA	RESPONSE: j (0.900668)
93.2597	EXP	Set  text=
95.7859	DATA	Keypress: j
95.7862	DATA	RESPONSE: j (0.531137)
96.2691	EXP	Set  text=
97.5858	DATA	Keypress: f
97.5862	DATA	RESPONSE: f (0.335929)
98.2645	EXP	Set  text=
99.6737	DATA	Keypress: f
99.6739	DATA	RESPONSE: f (0.428352)
100.2597	EXP	Set  text=
101.6496	DATA	Keypress: f
101.6499	DATA	RESPONSE: f (0.409136)
102.2549	EXP	Set  text=
103.6736	DATA	Keypress: j
103.6740	DATA	RESPONSE: j (0.421413)
104.2667	EXP	Set  text=
105.6255	DATA	Keypress: j
105.6258	DATA	RESPONSE: j (0.377991)
106.2617	EXP	Set  text=
107.8014	DATA	Keypress: j
107.8018	DATA	RESPONSE: j (0.558729)
108.2573	EXP	Set  text=
109.6493	DATA	Keypress: f
109.6497	DATA	RESPONSE: f (0.394779)
110.2691	EXP	Set  text=
112.6134	EXP	Set  text=X
112.6134	EXP	Set  height=0.40
112.6134	EXP	Set  text=None
112.6652	DATA	Keypress: f
112.6656	DATA	RESPONSE: f (0.417871)
113.2620	EXP	Set  text=
114.5588	EXP	Set  text=X
114.5588	EXP	Set  height=0.40
114.5588	EXP	Set  text=None
115.2572	EXP	Set  text=
116.6206	EXP	Set  text=X
116.6206	EXP	Set  height=0.40
116.6206	EXP	Set  text=None
116.6572	DATA	Keypress: j
116.6578	DATA	RESPONSE: j (0.402912)
117.2690	EXP	Set  text=
119.6890	DATA	Keypress: j
119.6894	DATA	RESPONSE: j (0.441722)
120.2619	EXP	Set  text=
121.6329	DATA	Keypress: j
121.6332	DATA	RESPONSE: j (0.390357)
122.2571	EXP	Set  text=
123.6088	DATA	Keypress: j
123.6093	DATA	RESPONSE: j (0.354556)
124.2690	EXP	Set  text=
126.6248	DATA	Keypress: f
126.6251	DATA	RESPONSE: f (0.377484)
127.2618	EXP	Set  text=
129.6246	DATA	Keypress: f
129.6250	DATA	RESPONSE: f (0.384627)
130.2544	EXP	Set  text=
131.6166	DATA	Keypress: f
131.6169	DATA	RESPONSE: f (0.364662)
132.2665	EXP	Set  text=
134.6085	DATA	Keypress: f
134.6088	DATA	RESPONSE: f (0.363761)
135.2593	EXP	Set  text=
136.5923	DATA	Keypress: f
136.5927	DATA	RESPONSE: f (0.352343)
137.2545	EXP	Set  text=
138.5681	EXP	Set  text=X
138.5681	EXP	Set  height=0.40
138.5681	EXP	Set  text=None
138.6403	DATA	Keypress: f
138.6407	DATA	RESPONSE: f (0.388466)
139.2664	EXP	Set  text=
140.5135	EXP	Set  text=X
140.5135	EXP	Set  height=0.40
140.5135	EXP	Set  text=None
140.7202	DATA	Keypress: j
140.7207	DATA	RESPONSE: j (0.473342)
141.2616	EXP	Set  text=
142.4588	EXP	Set  text=X
142.4588	EXP	Set  height=0.40
142.4588	EXP	Set  text=None
143.2567	EXP	Set  text=
147.9120	DATA	Keypress: j
147.9127	DATA	RESPONSE: j (0.665356)
148.2615	EXP	Set  text=
149.6719	DATA	Keypress: j
149.6722	DATA	RESPONSE: j (0.429687)
150.2567	EXP	Set  text=
151.6238	DATA	Keypress: j
151.6243	DATA	RESPONSE: j (0.369890)
152.2686	EXP	Set  text=
154.7677	DATA	Keypress: f
154.7681	DATA	RESPONSE: f (0.520863)
155.2614	EXP	Set  text=
156.5084	EXP	Set  text=X
156.5084	EXP	Set  height=0.40
156.5084	EXP	Set  text=None
157.2567	EXP	Set  text=
158.7357	DATA	Keypress: f
158.7360	DATA	RESPONSE: f (0.481729)
159.2685	EXP	Set  text=
160.7915	DATA	Keypress: j
160.7917	DATA	RESPONSE: j (0.542226)
161.2637	EXP	Set  text=
162.6794	DATA	Keypress: f
162.6798	DATA	RESPONSE: f (0.435023)
163.2590	EXP	Set  text=
165.5701	EXP	Set  text=X
165.5701	EXP	Set  height=0.40
165.5701	EXP	Set  text=None
165.7753	DATA	Keypress: f
165.7758	DATA	RESPONSE: f (0.521823)
166.2684	EXP	Set  text=
170.7751	DATA	Keypress: f
170.7757	DATA	RESPONSE: f (0.533497)
171.2564	EXP	Set  text=
174.2659	EXP	Set  text=
175.2375	DATA	Keypress: f
175.7190	DATA	Keypress: j
175.7194	DATA	RESPONSE: j (0.472459)
176.2611	EXP	Set  text=
179.7428	DATA	Keypress: j
179.7433	DATA	RESPONSE: j (0.489252)
180.2682	EXP	Set  text=
181.6946	DATA	Keypress: f
181.6950	DATA	RESPONSE: f (0.445824)
182.2635	EXP	Set  text=
183.5104	EXP	Set  text=X
183.5104	EXP	Set  height=0.40
183.5104	EXP	Set  text=None
184.2586	EXP	Set  text=
189.8625	DATA	Keypress: j
189.8630	DATA	RESPONSE: j (0.616317)
190.2608	EXP	Set  text=
192.0063	DATA	Keypress: f
192.0067	DATA	RESPONSE: f (0.764698)
192.2562	EXP	Set  text=
193.8943	DATA	Keypress: f
193.8947	DATA	RESPONSE: f (0.640830)
194.2681	EXP	Set  text=
195.5981	DATA	Keypress: j
195.5985	DATA	RESPONSE: j (0.349412)
196.2632	EXP	Set  text=
200.7101	DATA	Keypress: f
200.7106	DATA	RESPONSE: f (0.456858)
201.2679	EXP	Set  text=
203.6539	DATA	Keypress: f
203.6542	DATA	RESPONSE: f (0.407714)
204.2607	EXP	Set  text=
205.6938	DATA	Keypress: j
205.6941	DATA	RESPONSE: j (0.452383)
206.2560	EXP	Set  text=
207.7497	DATA	Keypress: f
207.7501	DATA	RESPONSE: f (0.496492)
208.2677	EXP	Set  text=
209.7016	DATA	Keypress: j
209.7020	DATA	RESPONSE: j (0.453222)
210.2630	EXP	Set  text=
212.5575	EXP	Set  text=X
212.5575	EXP	Set  height=0.40
212.5575	EXP	Set  text=None
212.7175	DATA	Keypress: j
212.7180	DATA	RESPONSE: j (0.476336)
213.2559	EXP	Set  text=
214.5195	EXP	Set  text=X
214.5195	EXP	Set  height=0.40
214.5195	EXP	Set  text=None
215.2677	EXP	Set  text=
218.6374	DATA	Keypress: f
218.6379	DATA	RESPONSE: f (0.393972)
219.2582	EXP	Set  text=
221.6132	DATA	Keypress: f
221.6136	DATA	RESPONSE: f (0.360152)
222.2676	EXP	Set  text=
223.5645	EXP	Set  text=X
223.5645	EXP	Set  height=0.40
223.5645	EXP	Set  text=None
224.2629	EXP	Set  text=
225.8292	DATA	Keypress: j
225.8299	DATA	RESPONSE: j (0.586021)
226.2581	EXP	Set  text=
229.8210	DATA	Keypress: f
229.8214	DATA	RESPONSE: f (0.570475)
230.2652	EXP	Set  text=
232.6608	DATA	Keypress: f
232.6611	DATA	RESPONSE: f (0.417353)
233.2579	EXP	Set  text=
234.7486	DATA	Keypress: j
234.7490	DATA	RESPONSE: j (0.510098)
235.2532	EXP	Set  text=
236.5966	DATA	Keypress: f
236.5969	DATA	RESPONSE: f (0.346094)
237.2650	EXP	Set  text=
240.6070	EXP	Set  text=X
240.6070	EXP	Set  height=0.40
240.6070	EXP	Set  text=None
240.6285	DATA	Keypress: j
240.6290	DATA	RESPONSE: j (0.387700)
241.2555	EXP	Set  text=
243.5666	EXP	Set  text=X
243.5666	EXP	Set  height=0.40
243.5666	EXP	Set  text=None
243.7083	DATA	Keypress: f
243.7087	DATA	RESPONSE: f (0.457977)
244.2649	EXP	Set  text=
245.9722	DATA	Keypress: f
245.9726	DATA	RESPONSE: f (0.726650)
246.2602	EXP	Set  text=
247.7322	DATA	Keypress: j
247.7326	DATA	RESPONSE: j (0.491488)
248.2554	EXP	Set  text=
249.7721	DATA	Keypress: f
249.7725	DATA	RESPONSE: f (0.519477)
250.2671	EXP	Set  text=
251.5800	DATA	Keypress: f
251.5804	DATA	RESPONSE: f (0.332218)
252.2625	EXP	Set  text=
253.6359	DATA	Keypress: j
253.6363	DATA	RESPONSE: j (0.392852)
254.2577	EXP	Set  text=
256.7318	DATA	Keypress: j
256.7322	DATA	RESPONSE: j (0.479314)
257.2671	EXP	Set  text=
258.7078	DATA	Keypress: j
258.7083	DATA	RESPONSE: j (0.460104)
259.2623	EXP	Set  text=
260.6037	DATA	Keypress: f
260.6040	DATA	RESPONSE: f (0.360774)
261.2576	EXP	Set  text=
264.6757	DATA	Keypress: f
264.6762	DATA	RESPONSE: f (0.425952)
265.2646	EXP	Set  text=
266.7634	DATA	Keypress: f
266.7639	DATA	RESPONSE: f (0.518377)
267.2599	EXP	Set  text=
268.8753	DATA	Keypress: f
268.8757	DATA	RESPONSE: f (0.634834)
269.2551	EXP	Set  text=
275.6831	DATA	Keypress: j
275.6836	DATA	RESPONSE: j (0.442868)
276.2550	EXP	Set  text=
279.7230	DATA	Keypress: j
279.7235	DATA	RESPONSE: j (0.475737)
280.2620	EXP	Set  text=
283.5208	EXP	Set  text=X
283.5208	EXP	Set  height=0.40
283.5208	EXP	Set  text=None
283.8110	DATA	Keypress: f
283.8115	DATA	RESPONSE: f (0.556628)
284.2691	EXP	Set  text=
285.4662	EXP	Set  text=X
285.4662	EXP	Set  height=0.40
285.4662	EXP	Set  text=None
286.2644	EXP	Set  text=
287.5113	EXP	Set  text=X
287.5113	EXP	Set  height=0.40
287.5113	EXP	Set  text=None
288.2595	EXP	Set  text=
291.7866	DATA	Keypress: f
291.7872	DATA	RESPONSE: f (0.534977)
292.2666	EXP	Set  text=
297.5705	EXP	Set  text=X
297.5705	EXP	Set  height=0.40
297.5705	EXP	Set  text=None
297.7304	DATA	Keypress: f
297.7311	DATA	RESPONSE: f (0.476544)
298.2689	EXP	Set  text=
302.5087	EXP	Set  text=X
302.5087	EXP	Set  height=0.40
302.5087	EXP	Set  text=None
303.2568	EXP	Set  text=
304.5705	EXP	Set  text=X
304.5705	EXP	Set  height=0.40
304.5705	EXP	Set  text=None
305.2688	EXP	Set  text=
306.7621	DATA	Keypress: j
306.7626	DATA	RESPONSE: j (0.512910)
307.2640	EXP	Set  text=
308.7378	DATA	Keypress: j
308.7382	DATA	RESPONSE: j (0.493153)
309.2591	EXP	Set  text=
310.7697	DATA	Keypress: f
310.7701	DATA	RESPONSE: f (0.529991)
311.2544	EXP	Set  text=
312.6816	DATA	Keypress: j
312.6820	DATA	RESPONSE: j (0.429941)
313.2663	EXP	Set  text=
314.6255	DATA	Keypress: j
314.6260	DATA	RESPONSE: j (0.378802)
315.2615	EXP	Set  text=
317.6057	EXP	Set  text=X
317.6057	EXP	Set  height=0.40
317.6057	EXP	Set  text=None
317.6654	DATA	Keypress: f
317.6658	DATA	RESPONSE: f (0.425739)
318.2543	EXP	Set  text=
321.8653	DATA	Keypress: f
321.8657	DATA	RESPONSE: f (0.618560)
322.2612	EXP	Set  text=
324.5558	EXP	Set  text=X
324.5558	EXP	Set  height=0.40
324.5558	EXP	Set  text=None
324.6092	DATA	Keypress: f
324.6096	DATA	RESPONSE: f (0.369553)
325.2542	EXP	Set  text=
326.5178	EXP	Set  text=X
326.5178	EXP	Set  height=0.40
326.5178	EXP	Set  text=None
327.2661	EXP	Set  text=
328.7930	DATA	Keypress: f
328.7935	DATA	RESPONSE: f (0.546474)
329.2613	EXP	Set  text=
331.7209	DATA	Keypress: j
331.7213	DATA	RESPONSE: j (0.481434)
332.2541	EXP	Set  text=
333.7448	DATA	Keypress: j
333.7452	DATA	RESPONSE: j (0.493511)
334.2658	EXP	Set  text=
335.7528	DATA	Keypress: f
335.7531	DATA	RESPONSE: f (0.506155)
336.2611	EXP	Set  text=
338.5556	EXP	Set  text=X
338.5556	EXP	Set  height=0.40
338.5556	EXP	Set  text=None
338.5767	DATA	Keypress: j
338.5770	DATA	RESPONSE: j (0.337212)
339.2540	EXP	Set  text=
344.2587	EXP	Set  text=
345.2375	DATA	Keypress: f
345.5283	DATA	Keypress: j
345.5287	DATA	RESPONSE: j (0.289396)
346.2539	EXP	Set  text=
347.6166	DATA	Keypress: f
347.6171	DATA	RESPONSE: f (0.365551)
348.2657	EXP	Set  text=
349.7202	DATA	Keypress: f
349.7206	DATA	RESPONSE: f (0.473841)
350.2609	EXP	Set  text=
351.6561	DATA	Keypress: j
351.6565	DATA	RESPONSE: j (0.414541)
352.2561	EXP	Set  text=
355.5150	EXP	Set  text=X
355.5150	EXP	Set  height=0.40
355.5150	EXP	Set  text=None
355.6401	DATA	Keypress: f
355.6407	DATA	RESPONSE: f (0.391738)
356.2632	EXP	Set  text=
357.5198	DATA	Keypress: j
357.5203	DATA	RESPONSE: j (0.275946)
358.2584	EXP	Set  text=
361.8879	DATA	Keypress: j
361.8885	DATA	RESPONSE: j (0.637227)
362.2655	EXP	Set  text=
363.7676	DATA	Keypress: j
363.7680	DATA	RESPONSE: j (0.521496)
364.2607	EXP	Set  text=
365.6396	DATA	Keypress: j
365.6400	DATA	RESPONSE: j (0.398265)
366.2559	EXP	Set  text=
368.0235	DATA	Keypress: j
368.0239	DATA	RESPONSE: j (0.770310)
368.2678	EXP	Set  text=
369.5994	DATA	Keypress: j
369.5997	DATA	RESPONSE: j (0.350959)
370.2630	EXP	Set  text=
374.4694	EXP	Set  text=X
374.4694	EXP	Set  height=0.40
374.4694	EXP	Set  text=None
375.2676	EXP	Set  text=
